2025-07-02T18:12:08.448Z: API Route /api/restaurant/upload-images called, Method: POST
2025-07-02T18:12:08.448Z: Creating Supabase server client using shared utility...
2025-07-02T18:12:08.448Z: Getting user from Supabase...
2025-07-02T18:12:08.565Z: User authenticated: b4f544e8-28f5-469c-bc5b-896a0819e337
2025-07-02T18:12:08.565Z: Parsing form data...
2025-07-02T18:12:08.567Z: {
  "message": "--- Image Upload Request ---",
  "restaurantId": "c269c909-2300-4e92-a8f9-f5ea48f89313",
  "fileCount": 1
}
2025-07-02T18:12:08.567Z: Verifying restaurant ownership...
2025-07-02T18:12:08.625Z: Ownership verified.
2025-07-02T18:12:08.625Z: Processing file: WhatsApp Image 2025-06-22 at 14.29.54.jpeg
2025-07-02T18:12:08.626Z: Uploading WhatsApp Image 2025-06-22 at 14.29.54.jpeg to Supabase Storage at path: c269c909-2300-4e92-a8f9-f5ea48f89313/d518c16e-06d8-4e2e-bfcc-3d3395d94d0a
2025-07-02T18:12:08.931Z: Upload to storage successful.
2025-07-02T18:12:08.931Z: Getting public URL...
2025-07-02T18:12:08.932Z: Public URL: https://efmbzrmroyetcqxcwxka.supabase.co/storage/v1/object/public/restaurant-bilder/c269c909-2300-4e92-a8f9-f5ea48f89313/d518c16e-06d8-4e2e-bfcc-3d3395d94d0a
2025-07-02T18:12:08.932Z: Inserting DB record...
2025-07-02T18:12:08.999Z: DB insert successful.
2025-07-02T18:12:09.000Z: Image upload process completed successfully.
